<?xml version="1.0" encoding="UTF-8"?>
<testsuite xmlns:xsi="http://www.w3.org/2001/XMLSchema-instance" xsi:noNamespaceSchemaLocation="https://maven.apache.org/surefire/maven-surefire-plugin/xsd/surefire-test-report.xsd" name="com.fiap.TriangleTest" time="0.088" tests="13" errors="0" skipped="0" failures="0">
  <properties>
[...]
</properties>
  <testcase name="testNonPositive" classname="com.fiap.TriangleTest" time="0.004"/>
  <testcase name="testEquilateral" classname="com.fiap.TriangleTest" time="0"/>
  <testcase name="testInvalidSideLenght1" classname="com.fiap.TriangleTest" time="0"/>
  <testcase name="testInvalidSideLenght2" classname="com.fiap.TriangleTest" time="0"/>
  <testcase name="testInvalidSideLenght3" classname="com.fiap.TriangleTest" time="0"/>
  <testcase name="testSmallNumbers" classname="com.fiap.TriangleTest" time="0"/>
  <testcase name="testZeroSide1" classname="com.fiap.TriangleTest" time="0"/>
  <testcase name="testZeroSide2" classname="com.fiap.TriangleTest" time="0"/>
  <testcase name="testIsosceles1" classname="com.fiap.TriangleTest" time="0.001"/>
  <testcase name="testIsosceles2" classname="com.fiap.TriangleTest" time="0"/>
  <testcase name="testIsosceles3" classname="com.fiap.TriangleTest" time="0"/>
  <testcase name="testLargeNumbers" classname="com.fiap.TriangleTest" time="0"/>
  <testcase name="testScalene" classname="com.fiap.TriangleTest" time="0"/>
</testsuite>